0 Anonim kullanıcı 13/10/2021 17:10:11 Anasayfayı görüntülendi.
Editör 2 nolu kullanıcı 13/10/2021 17:10:18 Anasayfayı görüntülendi.
13/10/2021 17:10:55 - Editör 2 nolu kullanıcı Anasayfayı görüntülendi.
Editör 2 nolu kullanıcı 13/10/2021 17:11:19 Anasayfayı görüntülendi.
Editör 2 nolu kullanıcı 13/10/2021 17:11:32tarihinde Anasayfayı görüntülendi.
Bilinemeyen Bilinemeyen 13/10/2021 17:26:20 tarihinde Veritabanına bağlanamadı.
Bilinemeyen Bilinemeyen 13/10/2021 17:27:50 tarihinde Veritabanına bağlanamadı.
Bilinemeyen Bilinemeyen 13/10/2021 17:27:52 tarihinde Veritabanına bağlanamadı.
Bilinemeyen Bilinemeyen 13/10/2021 17:28:04 tarihinde Veritabanına bağlanamadı.
Bilinemeyen Bilinemeyen 13/10/2021 17:28:07 tarihinde Anasayfayı görüntülendi.
Editör 2 nolu kullanıcı 13/10/2021 17:28:44 tarihinde Anasayfayı görüntülendi.
 Anonim kullanıcı 13/10/2021 17:28:47 tarihinde Anasayfayı görüntülendi.
 Anonim kullanıcı 13/10/2021 17:28:53 tarihinde Veritabanına bağlanamadı.
Editör 2 nolu kullanıcı 13/10/2021 17:30:57 tarihinde Anasayfayı görüntülendi.
Editör 2 nolu kullanıcı 13/10/2021 17:31:15 tarihinde Anasayfayı görüntülendi.
Editör 2 nolu kullanıcı 13/10/2021 17:31:41 tarihinde Anasayfayı görüntülendi.
Editör 2 nolu kullanıcı 13/10/2021 18:00:21 tarihinde Anasayfayı görüntülendi.
Editör 2 nolu kullanıcı 13/10/2021 18:07:48 tarihinde Anasayfayı görüntülendi.
Editör 2 nolu kullanıcı 13/10/2021 18:09:24 tarihinde Anasayfayı görüntülendi.
Editör 2 nolu kullanıcı 13/10/2021 18:10:42 tarihinde Anasayfayı görüntülendi.
Editör 2 nolu kullanıcı 13/10/2021 18:11:09 tarihinde Anasayfayı görüntülendi.
Editör 2 nolu kullanıcı 13/10/2021 18:12:43 tarihinde Anasayfayı görüntülendi.
Editör 2 nolu kullanıcı 13/10/2021 18:12:55 tarihinde Anasayfayı görüntülendi.
Editör 2 nolu kullanıcı 13/10/2021 18:13:05 tarihinde Anasayfayı görüntülendi.
Editör 2 nolu kullanıcı 13/10/2021 18:14:21 tarihinde Anasayfayı görüntülendi.
Editör 2 nolu kullanıcı 13/10/2021 18:14:21 tarihinde Anasayfayı görüntülendi.
Editör 2 nolu kullanıcı 13/10/2021 18:14:22 tarihinde Anasayfayı görüntülendi.
Editör 2 nolu kullanıcı 13/10/2021 18:14:23 tarihinde Anasayfayı görüntülendi.
Editör 2 nolu kullanıcı 13/10/2021 18:14:26 tarihinde Anasayfayı görüntülendi.
Editör 2 nolu kullanıcı 13/10/2021 18:14:26 tarihinde Anasayfayı görüntülendi.
Editör 2 nolu kullanıcı 13/10/2021 18:15:30 tarihinde Anasayfayı görüntülendi.
Editör 2 nolu kullanıcı 13/10/2021 18:16:38 tarihinde Anasayfayı görüntülendi.
Editör 2 nolu kullanıcı 13/10/2021 18:16:48 tarihinde Anasayfayı görüntülendi.
Editör 2 nolu kullanıcı 13/10/2021 18:18:11 tarihinde Anasayfayı görüntülendi.
Editör 2 nolu kullanıcı 13/10/2021 18:19:56 tarihinde Anasayfayı görüntülendi.
Editör 2 nolu kullanıcı 13/10/2021 18:24:11 tarihinde Anasayfayı görüntülendi.
 Anonim kullanıcı 13/10/2021 19:24:54 tarihinde Anasayfayı görüntülendi.
Kullanıcı 11 nolu kullanıcı 13/10/2021 19:25:00 tarihinde Anasayfayı görüntülendi.
Moderatör 2 nolu kullanıcı 13/10/2021 19:25:36 tarihinde Anasayfayı görüntülendi.
Editör 11 nolu kullanıcı 13/10/2021 19:33:14 tarihinde Anasayfayı görüntülendi.
Moderatör 11 nolu kullanıcı 13/10/2021 19:34:38 tarihinde Anasayfayı görüntülendi.
Moderatör 11 nolu kullanıcı 13/10/2021 19:34:39 tarihinde Anasayfayı görüntülendi.
Admin 11 nolu kullanıcı 13/10/2021 19:34:55 tarihinde Anasayfayı görüntülendi.
Admin 11 nolu kullanıcı 13/10/2021 19:35:16 tarihinde Anasayfayı görüntülendi.
 Anonim kullanıcı 13/10/2021 19:38:07 tarihinde Anasayfayı görüntülendi.
 Anonim kullanıcı 13/10/2021 19:38:08 tarihinde Anasayfayı görüntülendi.
Moderatör 11 nolu kullanıcı 13/10/2021 19:38:41 tarihinde Anasayfayı görüntülendi.
Editör 11 nolu kullanıcı 13/10/2021 19:59:19 tarihinde Anasayfayı görüntülendi.
Editör 11 nolu kullanıcı 13/10/2021 20:02:09 tarihinde Anasayfayı görüntülendi.
 Anonim kullanıcı 13/10/2021 20:07:56 tarihinde Anasayfayı görüntülendi.
 Anonim kullanıcı 13/10/2021 20:08:01 tarihinde Anasayfayı görüntülendi.
 Anonim kullanıcı 13/10/2021 20:08:02 tarihinde Anasayfayı görüntülendi.
 Anonim kullanıcı 13/10/2021 20:08:05 tarihinde Anasayfayı görüntülendi.
Kullanıcı 1 nolu kullanıcı 13/10/2021 20:08:26 tarihinde Anasayfayı görüntülendi.
Kullanıcı 1 nolu kullanıcı 13/10/2021 20:08:28 tarihinde Anasayfayı görüntülendi.
Kullanıcı 1 nolu kullanıcı 13/10/2021 20:08:29 tarihinde Anasayfayı görüntülendi.
Admin 1 nolu kullanıcı 13/10/2021 20:08:50 tarihinde Anasayfayı görüntülendi.
Admin 1 nolu kullanıcı 13/10/2021 20:13:04 tarihinde Anasayfayı görüntülendi.
Admin 1 nolu kullanıcı 13/10/2021 20:16:18 tarihinde Anasayfayı görüntülendi.
Admin 1 nolu kullanıcı 13/10/2021 20:16:20 tarihinde Anasayfayı görüntülendi.
Admin 1 nolu kullanıcı 13/10/2021 20:16:23 tarihinde Anasayfayı görüntülendi.
Admin 1 nolu kullanıcı 13/10/2021 20:17:12 tarihinde Anasayfayı görüntülendi.
Admin 1 nolu kullanıcı 13/10/2021 20:17:54 tarihinde Anasayfayı görüntülendi.
Admin 1 nolu kullanıcı 13/10/2021 20:18:29 tarihinde Anasayfayı görüntülendi.
Admin 1 nolu kullanıcı 13/10/2021 20:19:08 tarihinde Anasayfayı görüntülendi.
Admin 1 nolu kullanıcı 13/10/2021 20:20:04 tarihinde Anasayfayı görüntülendi.
Admin 1 nolu kullanıcı 13/10/2021 20:21:10 tarihinde Anasayfayı görüntülendi.
Admin 1 nolu kullanıcı 13/10/2021 20:22:06 tarihinde Anasayfayı görüntülendi.
Admin 1 nolu kullanıcı 13/10/2021 20:22:59 tarihinde Anasayfayı görüntülendi.
Admin 1 nolu kullanıcı 13/10/2021 20:23:37 tarihinde Anasayfayı görüntülendi.
Admin 1 nolu kullanıcı 13/10/2021 20:24:29 tarihinde Anasayfayı görüntülendi.
Admin 1 nolu kullanıcı 13/10/2021 20:26:48 tarihinde Anasayfayı görüntülendi.
Admin 1 nolu kullanıcı 13/10/2021 20:26:50 tarihinde Anasayfayı görüntülendi.
Admin 1 nolu kullanıcı 13/10/2021 20:28:13 tarihinde Anasayfayı görüntülendi.
Admin 1 nolu kullanıcı 13/10/2021 20:28:47 tarihinde Anasayfayı görüntülendi.
Admin 1 nolu kullanıcı 13/10/2021 20:28:49 tarihinde Anasayfayı görüntülendi.
Admin 1 nolu kullanıcı 13/10/2021 20:30:14 tarihinde Anasayfayı görüntülendi.
Admin 1 nolu kullanıcı 13/10/2021 20:31:31 tarihinde Anasayfayı görüntülendi.
Admin 1 nolu kullanıcı 13/10/2021 20:32:00 tarihinde Anasayfayı görüntülendi.
Admin 1 nolu kullanıcı 13/10/2021 20:33:19 tarihinde Anasayfayı görüntülendi.
Admin 1 nolu kullanıcı 13/10/2021 20:34:34 tarihinde Anasayfayı görüntülendi.
Admin 1 nolu kullanıcı 13/10/2021 20:35:20 tarihinde Anasayfayı görüntülendi.
Admin 1 nolu kullanıcı 13/10/2021 20:35:23 tarihinde Anasayfayı görüntülendi.
